ott 08, 2015 1:57:16 PM cc_activity_server.CCActivityServer main
INFORMAZIONI: Server started
ott 08, 2015 1:57:22 PM cc_activity_server.CCActivityServer main
INFORMAZIONI: 1	Connection accepted by /127.0.0.1:65153
ott 08, 2015 1:57:22 PM cc_activity_server.CommunicationThread run
INFORMAZIONI: Started thread
ott 08, 2015 1:57:22 PM cc_activity_server.CommunicationThread run
INFORMAZIONI: Input from client: Ciao
ott 08, 2015 1:57:29 PM cc_activity_server.CommunicationThread run
INFORMAZIONI: Input from client: request_data_start
ott 08, 2015 1:57:29 PM cc_activity_server.DBManager select
INFORMAZIONI: Executing query:
select * from card_movements
ott 08, 2015 1:58:19 PM cc_activity_server.CommunicationThread run
INFORMAZIONI: Input from client: request_data_start
ott 08, 2015 1:58:19 PM cc_activity_server.DBManager select
INFORMAZIONI: Executing query:
select * from card_movements
ott 08, 2015 1:58:38 PM cc_activity_server.CommunicationThread run
INFORMAZIONI: Input from client: request_data_start
ott 08, 2015 1:58:38 PM cc_activity_server.DBManager select
INFORMAZIONI: Executing query:
select * from card_movements where tipo='pay'
