ott 08, 2015 1:29:06 PM cc_activity_server.CCActivityServer main
INFORMAZIONI: Server started
ott 08, 2015 1:29:10 PM cc_activity_server.CCActivityServer main
INFORMAZIONI: 1	Connection accepted by /127.0.0.1:64675
ott 08, 2015 1:29:10 PM cc_activity_server.CommunicationThread run
INFORMAZIONI: Started thread
ott 08, 2015 1:29:10 PM cc_activity_server.CommunicationThread run
INFORMAZIONI: Input from client: Ciao
ott 08, 2015 1:29:23 PM cc_activity_server.CommunicationThread run
INFORMAZIONI: Input from client: request_data_start
ott 08, 2015 1:29:23 PM cc_activity_server.DBManager select
INFORMAZIONI: Executing query:
select * from card_movements
ott 08, 2015 1:29:34 PM cc_activity_server.CommunicationThread run
INFORMAZIONI: Input from client: request_data_start
ott 08, 2015 1:29:34 PM cc_activity_server.DBManager select
INFORMAZIONI: Executing query:
select * from card_movements where tipo='pay'
ott 08, 2015 1:43:18 PM cc_activity_server.CommunicationThread run
INFORMAZIONI: Closing socket
ott 08, 2015 1:43:59 PM cc_activity_server.CCActivityServer main
INFORMAZIONI: 3	Connection accepted by /127.0.0.1:64828
ott 08, 2015 1:43:59 PM cc_activity_server.CommunicationThread run
INFORMAZIONI: Started thread
ott 08, 2015 1:43:59 PM cc_activity_server.CommunicationThread run
INFORMAZIONI: Input from client: Ciao
ott 08, 2015 1:44:12 PM cc_activity_server.CommunicationThread run
INFORMAZIONI: Input from client: request_data_start
ott 08, 2015 1:44:12 PM cc_activity_server.DBManager select
INFORMAZIONI: Executing query:
select * from card_movements
ott 08, 2015 1:44:24 PM cc_activity_server.CommunicationThread run
INFORMAZIONI: Closing socket
ott 08, 2015 1:47:22 PM cc_activity_server.CCActivityServer main
INFORMAZIONI: 5	Connection accepted by /127.0.0.1:64866
ott 08, 2015 1:47:22 PM cc_activity_server.CommunicationThread run
INFORMAZIONI: Started thread
ott 08, 2015 1:47:22 PM cc_activity_server.CommunicationThread run
INFORMAZIONI: Input from client: Ciao
ott 08, 2015 1:47:24 PM cc_activity_server.CommunicationThread run
INFORMAZIONI: Closing socket
ott 08, 2015 1:47:40 PM cc_activity_server.CCActivityServer main
INFORMAZIONI: 7	Connection accepted by /127.0.0.1:64875
ott 08, 2015 1:47:40 PM cc_activity_server.CommunicationThread run
INFORMAZIONI: Started thread
ott 08, 2015 1:47:40 PM cc_activity_server.CommunicationThread run
INFORMAZIONI: Input from client: Ciao
ott 08, 2015 1:47:47 PM cc_activity_server.CommunicationThread run
INFORMAZIONI: Closing socket
ott 08, 2015 1:47:59 PM cc_activity_server.CCActivityServer main
INFORMAZIONI: 9	Connection accepted by /127.0.0.1:64878
ott 08, 2015 1:47:59 PM cc_activity_server.CommunicationThread run
INFORMAZIONI: Started thread
ott 08, 2015 1:47:59 PM cc_activity_server.CommunicationThread run
INFORMAZIONI: Input from client: Ciao
ott 08, 2015 1:48:02 PM cc_activity_server.CommunicationThread run
INFORMAZIONI: Closing socket
ott 08, 2015 1:48:11 PM cc_activity_server.CCActivityServer main
INFORMAZIONI: 11	Connection accepted by /127.0.0.1:64885
ott 08, 2015 1:48:11 PM cc_activity_server.CommunicationThread run
INFORMAZIONI: Started thread
ott 08, 2015 1:48:11 PM cc_activity_server.CommunicationThread run
INFORMAZIONI: Input from client: Ciao
ott 08, 2015 1:48:13 PM cc_activity_server.CommunicationThread run
INFORMAZIONI: Closing socket
ott 08, 2015 1:48:26 PM cc_activity_server.CCActivityServer main
INFORMAZIONI: 13	Connection accepted by /127.0.0.1:64887
ott 08, 2015 1:48:26 PM cc_activity_server.CommunicationThread run
INFORMAZIONI: Started thread
ott 08, 2015 1:48:26 PM cc_activity_server.CommunicationThread run
INFORMAZIONI: Input from client: Ciao
ott 08, 2015 1:48:28 PM cc_activity_server.CommunicationThread run
INFORMAZIONI: Input from client: request_data_start
ott 08, 2015 1:48:28 PM cc_activity_server.DBManager select
INFORMAZIONI: Executing query:
select * from card_movements
ott 08, 2015 1:48:46 PM cc_activity_server.CommunicationThread run
INFORMAZIONI: Input from client: request_data_start
ott 08, 2015 1:48:46 PM cc_activity_server.DBManager select
INFORMAZIONI: Executing query:
select * from card_movements
ott 08, 2015 1:49:33 PM cc_activity_server.CommunicationThread run
INFORMAZIONI: Closing socket
